Rank 88 ~> 19652 Rank 76 ~> 2000 Rank 76 ~> 5000 Rank 89 ~> 19773 Rank 92 ~> 3456 Rank 80 ~> 37044 Rank 16 ~> 500 Rank 16 ~> 12500 Rank 76 ~> 32000 Rank 104 ~> 12348 Rank 20 ~> 864 Rank 20 ~> 1944 Rank 41 ~> 10125 Rank 71 ~> 16875 Rank 11 ~> 30375 Rank 44 ~> 10368 Rank 68 ~> 2592 Rank 31 ~> 33275 Rank 47 ~> 61731 Rank 20 ~> 31104 Rank 65 ~> 83349 Rank 92 ~> 55296 Rank 56 ~> 40500 I am node 82 and I found 0 SANs
Rank 76 ~> 50000 I am node 74 and I found 0 SANs
I am node 78 and I found 0 SANs
Rank 11 ~> 84375 I am node 90 and I found 0 SANs
Rank 56 ~> 67500 I am node 86 and I found 0 SANs
I am node 94 and I found 0 SANs
Rank 113 ~> 177957 I am node 22 and I found 0 SANs
I am node 110 and I found 0 SANs
I am node 10 and I found 0 SANs
Rank 44 ~> 52488 I am node 18 and I found 0 SANs
I am node 58 and I found 0 SANs
Rank 20 ~> 69984 Rank 23 ~> 64827 I am node 54 and I found 0 SANs
I am node 98 and I found 0 SANs
I am node 30 and I found 0 SANs
I am node 26 and I found 0 SANs
I am node 6 and I found 0 SANs
I am node 2 and I found 0 SANs
I am node 66 and I found 0 SANs
I am node 62 and I found 0 SANs
I am node 102 and I found 0 SANs
I am node 34 and I found 0 SANs
I am node 46 and I found 0 SANs
I am node 114 and I found 0 SANs
I am node 50 and I found 0 SANs
I am node 106 and I found 0 SANs
I am node 14 and I found 0 SANs
I am node 118 and I found 0 SANs
I am node 42 and I found 0 SANs
Rank 68 ~> 49392 I am node 38 and I found 0 SANs
Rank 80 ~> 246924 I am node 70 and I found 0 SANs
Rank 92 ~> 124416 Rank 8 ~> 111132 Rank 76 ~> 80000 Rank 32 ~> 237276 Rank 71 ~> 151875 Rank 116 ~> 81000 Rank 48 ~> 202612 Rank 11 ~> 273375 Rank 92 ~> 148176 Rank 4 ~> 78608 Rank 95 ~> 555579 Rank 65 ~> 453789 Rank 68 ~> 93312 Rank 20 ~> 158184 Rank 32 ~> 333396 Rank 107 ~> 533871 Rank 113 ~> 455877 Rank 116 ~> 108000 Rank 76 ~> 128000 Rank 29 ~> 397953 Rank 41 ~> 253125 Rank 31 ~> 831875 Rank 116 ~> 135000 Rank 96 ~> 665500 Rank 36 ~> 266200 Rank 17 ~> 750141 Rank 20 ~> 221184 Rank 116 ~> 162000 Rank 44 ~> 165888 Rank 68 ~> 172872 Rank 76 ~> 200000 Rank 44 ~> 197568 Rank 68 ~> 209952 Rank 56 ~> 364500 Rank 61 ~> 1723025 Rank 95 ~> 1193859 Rank 116 ~> 243000 Rank 4 ~> 219488 Rank 116 ~> 270000 Rank 84 ~> 810448 Rank 76 ~> 320000 Rank 68 ~> 296352 Rank 56 ~> 607500 Rank 20 ~> 497664 Rank 92 ~> 518616 Rank 8 ~> 605052 Rank 116 ~> 324000 Rank 41 ~> 820125 Rank 92 ~> 629856 Rank 8 ~> 740772 Rank 116 ~> 405000 Rank 80 ~> 2135484 Rank 101 ~> 2471625 Rank 92 ~> 632736 Rank 116 ~> 432000 Rank 119 ~> 583443 Rank 32 ~> 1815156 Rank 61 ~> 3070625 Rank 76 ~> 500000 Rank 44 ~> 444528 Rank 96 ~> 2456500 Rank 104 ~> 1000188 Rank 44 ~> 493848 Rank 56 ~> 1012500 Rank 32 ~> 2222316 Rank 111 ~> 4286875 Rank 116 ~> 540000 Rank 113 ~> 3341637 Rank 20 ~> 949104 Rank 92 ~> 987696 Rank 36 ~> 1064800 Rank 116 ~> 648000 Rank 31 ~> 4026275 Rank 80 ~> 3000564 Rank 68 ~> 663552 Rank 11 ~> 1929375 Rank 68 ~> 666792 Rank 29 ~> 3501153 Rank 116 ~> 675000 Rank 44 ~> 691488 Rank 89 ~> 4102893 Rank 11 ~> 2109375 Rank 76 ~> 800000 Rank 51 ~> 4159375 Rank 56 ~> 1543500 Rank 68 ~> 790272 Rank 8 ~> 1591812 Rank 35 ~> 4804839 Rank 92 ~> 1417176 Rank 33 ~> 5274997 Rank 92 ~> 1423656 Rank 20 ~> 1333584 Rank 41 ~> 2278125 Rank 56 ~> 1687500 Rank 104 ~> 1823508 Rank 116 ~> 972000 Rank 68 ~> 1037232 Rank 116 ~> 1080000 Rank 41 ~> 2701125 Rank 28 ~> 877952 Rank 76 ~> 1250000 Rank 116 ~> 1215000 Rank 44 ~> 1185408 Rank 8 ~> 2333772 Rank 92 ~> 1990656 Rank 71 ~> 2695275 Rank 116 ~> 1296000 Rank 4 ~> 1042568 Rank 68 ~> 1492992 Rank 104 ~> 3084588 Rank 36 ~> 2662000 Rank 116 ~> 1458000 Rank 92 ~> 2370816 Rank 44 ~> 1555848 Rank 101 ~> 10418625 Rank 23 ~> 2255067 Rank 4 ~> 1257728 Rank 20 ~> 2519424 Rank 20 ~> 2530944 Rank 116 ~> 1620000 Rank 56 ~> 3280500 Rank 15 ~> 16468459 Rank 68 ~> 1778112 Rank 56 ~> 3593700 Rank 71 ~> 3796875 Rank 44 ~> 1898208 Rank 76 ~> 2000000 Rank 68 ~> 1975392 srun: Job step aborted: Waiting up to 32 seconds for job step to finish.
slurmstepd: error: *** JOB 2968 ON hpcl5-2 CANCELLED AT 2020-10-11T13:19:23 ***
slurmstepd: error: *** STEP 2968.0 ON hpcl5-2 CANCELLED AT 2020-10-11T13:19:23 ***
